# JRE version: OpenJDK Runtime Environment (8.0_242-b01) (build 1.8.0_242-release-1644-b01)
# Java VM: OpenJDK 64-Bit Server VM (25.242-b01 mixed mode windows-amd64 compressed oops)
Heap:
 PSYoungGen      total 572928K, used 172665K [0x00000000d5580000, 0x00000000fbd80000, 0x0000000100000000)
  eden space 515072K, 31% used [0x00000000d5580000,0x00000000df23b130,0x00000000f4c80000)
  from space 57856K, 21% used [0x00000000f4c80000,0x00000000f5863650,0x00000000f8500000)
  to   space 55808K, 0% used [0x00000000f8700000,0x00000000f8700000,0x00000000fbd80000)
 ParOldGen       total 206848K, used 174388K [0x0000000080000000, 0x000000008ca00000, 0x00000000d5580000)
  object space 206848K, 84% used [0x0000000080000000,0x000000008aa4d2f0,0x000000008ca00000)
 Metaspace       used 108267K, capacity 114240K, committed 114580K, reserved 1148928K
  class space    used 14282K, capacity 15432K, committed 15548K, reserved 1048576K
GC Heap History (10 events):
Event: 1554.830 GC heap before
{Heap before GC invocations=21 (full 4):
 PSYoungGen      total 451584K, used 451577K [0x00000000d5580000, 0x00000000f7a00000, 0x0000000100000000)
  eden space 406016K, 100% used [0x00000000d5580000,0x00000000ee200000,0x00000000ee200000)
  from space 45568K, 99% used [0x00000000f1e00000,0x00000000f4a7e6e0,0x00000000f4a80000)
  to   space 61440K, 0% used [0x00000000ee200000,0x00000000ee200000,0x00000000f1e00000)
 ParOldGen       total 206848K, used 96556K [0x0000000080000000, 0x000000008ca00000, 0x00000000d5580000)
  object space 206848K, 46% used [0x0000000080000000,0x0000000085e4b2c8,0x000000008ca00000)
 Metaspace       used 107753K, capacity 113662K, committed 113812K, reserved 1146880K
  class space    used 14261K, capacity 15417K, committed 15548K, reserved 1048576K
Event: 1554.967 GC heap after
Heap after GC invocations=21 (full 4):
 PSYoungGen      total 467456K, used 18090K [0x00000000d5580000, 0x00000000fc080000, 0x0000000100000000)
  eden space 406016K, 0% used [0x00000000d5580000,0x00000000d5580000,0x00000000ee200000)
  from space 61440K, 29% used [0x00000000ee200000,0x00000000ef3aa9d0,0x00000000f1e00000)
  to   space 58880K, 0% used [0x00000000f8700000,0x00000000f8700000,0x00000000fc080000)
 ParOldGen       total 206848K, used 135917K [0x0000000080000000, 0x000000008ca00000, 0x00000000d5580000)
  object space 206848K, 65% used [0x0000000080000000,0x00000000884bb430,0x000000008ca00000)
 Metaspace       used 107753K, capacity 113662K, committed 113812K, reserved 1146880K
  class space    used 14261K, capacity 15417K, committed 15548K, reserved 1048576K
}
Event: 1557.311 GC heap before
{Heap before GC invocations=22 (full 4):
 PSYoungGen      total 467456K, used 424106K [0x00000000d5580000, 0x00000000fc080000, 0x0000000100000000)
  eden space 406016K, 100% used [0x00000000d5580000,0x00000000ee200000,0x00000000ee200000)
  from space 61440K, 29% used [0x00000000ee200000,0x00000000ef3aa9d0,0x00000000f1e00000)
  to   space 58880K, 0% used [0x00000000f8700000,0x00000000f8700000,0x00000000fc080000)
 ParOldGen       total 206848K, used 135917K [0x0000000080000000, 0x000000008ca00000, 0x00000000d5580000)
  object space 206848K, 65% used [0x0000000080000000,0x00000000884bb430,0x000000008ca00000)
 Metaspace       used 107935K, capacity 113866K, committed 114068K, reserved 1148928K
  class space    used 14272K, capacity 15429K, committed 15548K, reserved 1048576K
Event: 1557.361 GC heap after
Heap after GC invocations=22 (full 4):
 PSYoungGen      total 570880K, used 8337K [0x00000000d5580000, 0x00000000fbd80000, 0x0000000100000000)
  eden space 515072K, 0% used [0x00000000d5580000,0x00000000d5580000,0x00000000f4c80000)
  from space 55808K, 14% used [0x00000000f8700000,0x00000000f8f24450,0x00000000fbd80000)
  to   space 57856K, 0% used [0x00000000f4c80000,0x00000000f4c80000,0x00000000f8500000)
 ParOldGen       total 206848K, used 151467K [0x0000000080000000, 0x000000008ca00000, 0x00000000d5580000)
  object space 206848K, 73% used [0x0000000080000000,0x00000000893eaef0,0x000000008ca00000)
 Metaspace       used 107935K, capacity 113866K, committed 114068K, reserved 1148928K
  class space    used 14272K, capacity 15429K, committed 15548K, reserved 1048576K
}
Event: 1560.253 GC heap before
{Heap before GC invocations=23 (full 4):
 PSYoungGen      total 570880K, used 523409K [0x00000000d5580000, 0x00000000fbd80000, 0x0000000100000000)
  eden space 515072K, 100% used [0x00000000d5580000,0x00000000f4c80000,0x00000000f4c80000)
  from space 55808K, 14% used [0x00000000f8700000,0x00000000f8f24450,0x00000000fbd80000)
  to   space 57856K, 0% used [0x00000000f4c80000,0x00000000f4c80000,0x00000000f8500000)
 ParOldGen       total 206848K, used 151467K [0x0000000080000000, 0x000000008ca00000, 0x00000000d5580000)
  object space 206848K, 73% used [0x0000000080000000,0x00000000893eaef0,0x000000008ca00000)
 Metaspace       used 108024K, capacity 113938K, committed 114068K, reserved 1148928K
  class space    used 14274K, capacity 15429K, committed 15548K, reserved 1048576K
Event: 1560.294 GC heap after
Heap after GC invocations=23 (full 4):
 PSYoungGen      total 572928K, used 13585K [0x00000000d5580000, 0x00000000fbd80000, 0x0000000100000000)
  eden space 515072K, 0% used [0x00000000d5580000,0x00000000d5580000,0x00000000f4c80000)
  from space 57856K, 23% used [0x00000000f4c80000,0x00000000f59c4458,0x00000000f8500000)
  to   space 55808K, 0% used [0x00000000f8700000,0x00000000f8700000,0x00000000fbd80000)
 ParOldGen       total 206848K, used 156647K [0x0000000080000000, 0x000000008ca00000, 0x00000000d5580000)
  object space 206848K, 75% used [0x0000000080000000,0x00000000898f9f48,0x000000008ca00000)
 Metaspace       used 108024K, capacity 113938K, committed 114068K, reserved 1148928K
  class space    used 14274K, capacity 15429K, committed 15548K, reserved 1048576K
}
Event: 1563.473 GC heap before
{Heap before GC invocations=24 (full 4):
 PSYoungGen      total 572928K, used 528657K [0x00000000d5580000, 0x00000000fbd80000, 0x0000000100000000)
  eden space 515072K, 100% used [0x00000000d5580000,0x00000000f4c80000,0x00000000f4c80000)
  from space 57856K, 23% used [0x00000000f4c80000,0x00000000f59c4458,0x00000000f8500000)
  to   space 55808K, 0% used [0x00000000f8700000,0x00000000f8700000,0x00000000fbd80000)
 ParOldGen       total 206848K, used 156647K [0x0000000080000000, 0x000000008ca00000, 0x00000000d5580000)
  object space 206848K, 75% used [0x0000000080000000,0x00000000898f9f48,0x000000008ca00000)
 Metaspace       used 108073K, capacity 114018K, committed 114324K, reserved 1148928K
  class space    used 14281K, capacity 15431K, committed 15548K, reserved 1048576K
Event: 1563.550 GC heap after
Heap after GC invocations=24 (full 4):
 PSYoungGen      total 570880K, used 9419K [0x00000000d5580000, 0x00000000fbd80000, 0x0000000100000000)
  eden space 515072K, 0% used [0x00000000d5580000,0x00000000d5580000,0x00000000f4c80000)
  from space 55808K, 16% used [0x00000000f8700000,0x00000000f9032c98,0x00000000fbd80000)
  to   space 57856K, 0% used [0x00000000f4c80000,0x00000000f4c80000,0x00000000f8500000)
 ParOldGen       total 206848K, used 167355K [0x0000000080000000, 0x000000008ca00000, 0x00000000d5580000)
  object space 206848K, 80% used [0x0000000080000000,0x000000008a36efa0,0x000000008ca00000)
 Metaspace       used 108073K, capacity 114018K, committed 114324K, reserved 1148928K
  class space    used 14281K, capacity 15431K, committed 15548K, reserved 1048576K
}
Event: 1567.646 GC heap before
{Heap before GC invocations=25 (full 4):
 PSYoungGen      total 570880K, used 524491K [0x00000000d5580000, 0x00000000fbd80000, 0x0000000100000000)
  eden space 515072K, 100% used [0x00000000d5580000,0x00000000f4c80000,0x00000000f4c80000)
  from space 55808K, 16% used [0x00000000f8700000,0x00000000f9032c98,0x00000000fbd80000)
  to   space 57856K, 0% used [0x00000000f4c80000,0x00000000f4c80000,0x00000000f8500000)
 ParOldGen       total 206848K, used 167355K [0x0000000080000000, 0x000000008ca00000, 0x00000000d5580000)
  object space 206848K, 80% used [0x0000000080000000,0x000000008a36efa0,0x000000008ca00000)
 Metaspace       used 108236K, capacity 114222K, committed 114580K, reserved 1148928K
  class space    used 14281K, capacity 15431K, committed 15548K, reserved 1048576K
Event: 1567.695 GC heap after
Heap after GC invocations=25 (full 4):
 PSYoungGen      total 572928K, used 12173K [0x00000000d5580000, 0x00000000fbd80000, 0x0000000100000000)
  eden space 515072K, 0% used [0x00000000d5580000,0x00000000d5580000,0x00000000f4c80000)
  from space 57856K, 21% used [0x00000000f4c80000,0x00000000f5863650,0x00000000f8500000)
  to   space 55808K, 0% used [0x00000000f8700000,0x00000000f8700000,0x00000000fbd80000)
 ParOldGen       total 206848K, used 174388K [0x0000000080000000, 0x000000008ca00000, 0x00000000d5580000)
  object space 206848K, 84% used [0x0000000080000000,0x000000008aa4d2f0,0x000000008ca00000)
 Metaspace       used 108236K, capacity 114222K, committed 114580K, reserved 1148928K
  class space    used 14281K, capacity 15431K, committed 15548K, reserved 1048576K
}

