# JRE version: OpenJDK Runtime Environment (8.0_242-b01) (build 1.8.0_242-release-1644-b01)
# Java VM: OpenJDK 64-Bit Server VM (25.242-b01 mixed mode windows-amd64 compressed oops)
Heap:
 PSYoungGen      total 93184K, used 23179K [0x00000000d5580000, 0x00000000dd800000, 0x0000000100000000)
  eden space 81920K, 14% used [0x00000000d5580000,0x00000000d6126cb0,0x00000000da580000)
  from space 11264K, 99% used [0x00000000da580000,0x00000000db07c310,0x00000000db080000)
  to   space 14848K, 0% used [0x00000000dc980000,0x00000000dc980000,0x00000000dd800000)
 ParOldGen       total 92160K, used 21938K [0x0000000080000000, 0x0000000085a00000, 0x00000000d5580000)
  object space 92160K, 23% used [0x0000000080000000,0x000000008156c958,0x0000000085a00000)
 Metaspace       used 49578K, capacity 51752K, committed 51928K, reserved 1093632K
  class space    used 6626K, capacity 7104K, committed 7168K, reserved 1048576K
GC Heap History (10 events):
Event: 12.510 GC heap before
{Heap before GC invocations=11 (full 1):
 PSYoungGen      total 59904K, used 49082K [0x00000000d5580000, 0x00000000dab00000, 0x0000000100000000)
  eden space 49152K, 82% used [0x00000000d5580000,0x00000000d7d2cc48,0x00000000d8580000)
  from space 10752K, 78% used [0x00000000d8580000,0x00000000d8dc1c90,0x00000000d9000000)
  to   space 11264K, 0% used [0x00000000da000000,0x00000000da000000,0x00000000dab00000)
 ParOldGen       total 60416K, used 8982K [0x0000000080000000, 0x0000000083b00000, 0x00000000d5580000)
  object space 60416K, 14% used [0x0000000080000000,0x00000000808c5910,0x0000000083b00000)
 Metaspace       used 34042K, capacity 35318K, committed 35416K, reserved 1079296K
  class space    used 4607K, capacity 4947K, committed 4992K, reserved 1048576K
Event: 12.526 GC heap after
Heap after GC invocations=11 (full 1):
 PSYoungGen      total 76288K, used 8217K [0x00000000d5580000, 0x00000000dad00000, 0x0000000100000000)
  eden space 65024K, 0% used [0x00000000d5580000,0x00000000d5580000,0x00000000d9500000)
  from space 11264K, 72% used [0x00000000da000000,0x00000000da806648,0x00000000dab00000)
  to   space 11264K, 0% used [0x00000000d9500000,0x00000000d9500000,0x00000000da000000)
 ParOldGen       total 60416K, used 10281K [0x0000000080000000, 0x0000000083b00000, 0x00000000d5580000)
  object space 60416K, 17% used [0x0000000080000000,0x0000000080a0a660,0x0000000083b00000)
 Metaspace       used 34042K, capacity 35318K, committed 35416K, reserved 1079296K
  class space    used 4607K, capacity 4947K, committed 4992K, reserved 1048576K
}
Event: 12.527 GC heap before
{Heap before GC invocations=12 (full 2):
 PSYoungGen      total 76288K, used 8217K [0x00000000d5580000, 0x00000000dad00000, 0x0000000100000000)
  eden space 65024K, 0% used [0x00000000d5580000,0x00000000d5580000,0x00000000d9500000)
  from space 11264K, 72% used [0x00000000da000000,0x00000000da806648,0x00000000dab00000)
  to   space 11264K, 0% used [0x00000000d9500000,0x00000000d9500000,0x00000000da000000)
 ParOldGen       total 60416K, used 10281K [0x0000000080000000, 0x0000000083b00000, 0x00000000d5580000)
  object space 60416K, 17% used [0x0000000080000000,0x0000000080a0a660,0x0000000083b00000)
 Metaspace       used 34042K, capacity 35318K, committed 35416K, reserved 1079296K
  class space    used 4607K, capacity 4947K, committed 4992K, reserved 1048576K
Event: 12.601 GC heap after
Heap after GC invocations=12 (full 2):
 PSYoungGen      total 76288K, used 0K [0x00000000d5580000, 0x00000000dad00000, 0x0000000100000000)
  eden space 65024K, 0% used [0x00000000d5580000,0x00000000d5580000,0x00000000d9500000)
  from space 11264K, 0% used [0x00000000da000000,0x00000000da000000,0x00000000dab00000)
  to   space 11264K, 0% used [0x00000000d9500000,0x00000000d9500000,0x00000000da000000)
 ParOldGen       total 92160K, used 15942K [0x0000000080000000, 0x0000000085a00000, 0x00000000d5580000)
  object space 92160K, 17% used [0x0000000080000000,0x0000000080f91810,0x0000000085a00000)
 Metaspace       used 34042K, capacity 35318K, committed 35416K, reserved 1079296K
  class space    used 4607K, capacity 4947K, committed 4992K, reserved 1048576K
}
Event: 14.176 GC heap before
{Heap before GC invocations=13 (full 2):
 PSYoungGen      total 76288K, used 65024K [0x00000000d5580000, 0x00000000dad00000, 0x0000000100000000)
  eden space 65024K, 100% used [0x00000000d5580000,0x00000000d9500000,0x00000000d9500000)
  from space 11264K, 0% used [0x00000000da000000,0x00000000da000000,0x00000000dab00000)
  to   space 11264K, 0% used [0x00000000d9500000,0x00000000d9500000,0x00000000da000000)
 ParOldGen       total 92160K, used 15942K [0x0000000080000000, 0x0000000085a00000, 0x00000000d5580000)
  object space 92160K, 17% used [0x0000000080000000,0x0000000080f91810,0x0000000085a00000)
 Metaspace       used 36816K, capacity 38382K, committed 38488K, reserved 1083392K
  class space    used 5083K, capacity 5446K, committed 5504K, reserved 1048576K
Event: 14.187 GC heap after
Heap after GC invocations=13 (full 2):
 PSYoungGen      total 76288K, used 6112K [0x00000000d5580000, 0x00000000dbc00000, 0x0000000100000000)
  eden space 65024K, 0% used [0x00000000d5580000,0x00000000d5580000,0x00000000d9500000)
  from space 11264K, 54% used [0x00000000d9500000,0x00000000d9af81a8,0x00000000da000000)
  to   space 10752K, 0% used [0x00000000db180000,0x00000000db180000,0x00000000dbc00000)
 ParOldGen       total 92160K, used 15942K [0x0000000080000000, 0x0000000085a00000, 0x00000000d5580000)
  object space 92160K, 17% used [0x0000000080000000,0x0000000080f91810,0x0000000085a00000)
 Metaspace       used 36816K, capacity 38382K, committed 38488K, reserved 1083392K
  class space    used 5083K, capacity 5446K, committed 5504K, reserved 1048576K
}
Event: 17.147 GC heap before
{Heap before GC invocations=14 (full 2):
 PSYoungGen      total 76288K, used 71136K [0x00000000d5580000, 0x00000000dbc00000, 0x0000000100000000)
  eden space 65024K, 100% used [0x00000000d5580000,0x00000000d9500000,0x00000000d9500000)
  from space 11264K, 54% used [0x00000000d9500000,0x00000000d9af81a8,0x00000000da000000)
  to   space 10752K, 0% used [0x00000000db180000,0x00000000db180000,0x00000000dbc00000)
 ParOldGen       total 92160K, used 15942K [0x0000000080000000, 0x0000000085a00000, 0x00000000d5580000)
  object space 92160K, 17% used [0x0000000080000000,0x0000000080f91810,0x0000000085a00000)
 Metaspace       used 39345K, capacity 41206K, committed 41432K, reserved 1085440K
  class space    used 5426K, capacity 5812K, committed 5888K, reserved 1048576K
Event: 17.159 GC heap after
Heap after GC invocations=14 (full 2):
 PSYoungGen      total 92160K, used 8914K [0x00000000d5580000, 0x00000000dbb80000, 0x0000000100000000)
  eden space 81920K, 0% used [0x00000000d5580000,0x00000000d5580000,0x00000000da580000)
  from space 10240K, 87% used [0x00000000db180000,0x00000000dba34a20,0x00000000dbb80000)
  to   space 11264K, 0% used [0x00000000da580000,0x00000000da580000,0x00000000db080000)
 ParOldGen       total 92160K, used 15950K [0x0000000080000000, 0x0000000085a00000, 0x00000000d5580000)
  object space 92160K, 17% used [0x0000000080000000,0x0000000080f93810,0x0000000085a00000)
 Metaspace       used 39345K, capacity 41206K, committed 41432K, reserved 1085440K
  class space    used 5426K, capacity 5812K, committed 5888K, reserved 1048576K
}
Event: 20.101 GC heap before
{Heap before GC invocations=15 (full 2):
 PSYoungGen      total 92160K, used 90834K [0x00000000d5580000, 0x00000000dbb80000, 0x0000000100000000)
  eden space 81920K, 100% used [0x00000000d5580000,0x00000000da580000,0x00000000da580000)
  from space 10240K, 87% used [0x00000000db180000,0x00000000dba34a20,0x00000000dbb80000)
  to   space 11264K, 0% used [0x00000000da580000,0x00000000da580000,0x00000000db080000)
 ParOldGen       total 92160K, used 15950K [0x0000000080000000, 0x0000000085a00000, 0x00000000d5580000)
  object space 92160K, 17% used [0x0000000080000000,0x0000000080f93810,0x0000000085a00000)
 Metaspace       used 49488K, capacity 51656K, committed 51928K, reserved 1093632K
  class space    used 6612K, capacity 7072K, committed 7168K, reserved 1048576K
Event: 20.129 GC heap after
Heap after GC invocations=15 (full 2):
 PSYoungGen      total 93184K, used 11248K [0x00000000d5580000, 0x00000000dd800000, 0x0000000100000000)
  eden space 81920K, 0% used [0x00000000d5580000,0x00000000d5580000,0x00000000da580000)
  from space 11264K, 99% used [0x00000000da580000,0x00000000db07c310,0x00000000db080000)
  to   space 14848K, 0% used [0x00000000dc980000,0x00000000dc980000,0x00000000dd800000)
 ParOldGen       total 92160K, used 21938K [0x0000000080000000, 0x0000000085a00000, 0x00000000d5580000)
  object space 92160K, 23% used [0x0000000080000000,0x000000008156c958,0x0000000085a00000)
 Metaspace       used 49488K, capacity 51656K, committed 51928K, reserved 1093632K
  class space    used 6612K, capacity 7072K, committed 7168K, reserved 1048576K
}

