# JRE version: OpenJDK Runtime Environment (8.0_242-b01) (build 1.8.0_242-release-1644-b01)
# Java VM: OpenJDK 64-Bit Server VM (25.242-b01 mixed mode windows-amd64 compressed oops)
Heap:
 PSYoungGen      total 116224K, used 22959K [0x00000000d5f00000, 0x00000000e0800000, 0x0000000100000000)
  eden space 95744K, 23% used [0x00000000d5f00000,0x00000000d756bc80,0x00000000dbc80000)
  from space 20480K, 0% used [0x00000000dbc80000,0x00000000dbc80000,0x00000000dd080000)
  to   space 28160K, 0% used [0x00000000dec80000,0x00000000dec80000,0x00000000e0800000)
 ParOldGen       total 111616K, used 46214K [0x0000000081c00000, 0x0000000088900000, 0x00000000d5f00000)
  object space 111616K, 41% used [0x0000000081c00000,0x0000000084921900,0x0000000088900000)
 Metaspace       used 60233K, capacity 61357K, committed 61568K, reserved 1103872K
  class space    used 7136K, capacity 7427K, committed 7552K, reserved 1048576K
GC Heap History (10 events):
Event: 4.594 GC heap before
{Heap before GC invocations=8 (full 2):
 PSYoungGen      total 86528K, used 6956K [0x00000000d5f00000, 0x00000000de200000, 0x0000000100000000)
  eden space 70144K, 0% used [0x00000000d5f00000,0x00000000d5f00000,0x00000000da380000)
  from space 16384K, 42% used [0x00000000db380000,0x00000000dba4b3e8,0x00000000dc380000)
  to   space 16384K, 0% used [0x00000000da380000,0x00000000da380000,0x00000000db380000)
 ParOldGen       total 66560K, used 23589K [0x0000000081c00000, 0x0000000085d00000, 0x00000000d5f00000)
  object space 66560K, 35% used [0x0000000081c00000,0x0000000083309490,0x0000000085d00000)
 Metaspace       used 34750K, capacity 35234K, committed 35496K, reserved 1081344K
  class space    used 4386K, capacity 4515K, committed 4608K, reserved 1048576K
Event: 4.691 GC heap after
Heap after GC invocations=8 (full 2):
 PSYoungGen      total 86528K, used 0K [0x00000000d5f00000, 0x00000000de200000, 0x0000000100000000)
  eden space 70144K, 0% used [0x00000000d5f00000,0x00000000d5f00000,0x00000000da380000)
  from space 16384K, 0% used [0x00000000db380000,0x00000000db380000,0x00000000dc380000)
  to   space 16384K, 0% used [0x00000000da380000,0x00000000da380000,0x00000000db380000)
 ParOldGen       total 111616K, used 18574K [0x0000000081c00000, 0x0000000088900000, 0x00000000d5f00000)
  object space 111616K, 16% used [0x0000000081c00000,0x0000000082e23a38,0x0000000088900000)
 Metaspace       used 34750K, capacity 35234K, committed 35496K, reserved 1081344K
  class space    used 4386K, capacity 4515K, committed 4608K, reserved 1048576K
}
Event: 5.973 GC heap before
{Heap before GC invocations=9 (full 2):
 PSYoungGen      total 86528K, used 70144K [0x00000000d5f00000, 0x00000000de200000, 0x0000000100000000)
  eden space 70144K, 100% used [0x00000000d5f00000,0x00000000da380000,0x00000000da380000)
  from space 16384K, 0% used [0x00000000db380000,0x00000000db380000,0x00000000dc380000)
  to   space 16384K, 0% used [0x00000000da380000,0x00000000da380000,0x00000000db380000)
 ParOldGen       total 111616K, used 18574K [0x0000000081c00000, 0x0000000088900000, 0x00000000d5f00000)
  object space 111616K, 16% used [0x0000000081c00000,0x0000000082e23a38,0x0000000088900000)
 Metaspace       used 41920K, capacity 42570K, committed 43008K, reserved 1087488K
  class space    used 5323K, capacity 5505K, committed 5632K, reserved 1048576K
Event: 5.991 GC heap after
Heap after GC invocations=9 (full 2):
 PSYoungGen      total 86528K, used 12069K [0x00000000d5f00000, 0x00000000de080000, 0x0000000100000000)
  eden space 70144K, 0% used [0x00000000d5f00000,0x00000000d5f00000,0x00000000da380000)
  from space 16384K, 73% used [0x00000000da380000,0x00000000daf49478,0x00000000db380000)
  to   space 16384K, 0% used [0x00000000dd080000,0x00000000dd080000,0x00000000de080000)
 ParOldGen       total 111616K, used 18582K [0x0000000081c00000, 0x0000000088900000, 0x00000000d5f00000)
  object space 111616K, 16% used [0x0000000081c00000,0x0000000082e25a38,0x0000000088900000)
 Metaspace       used 41920K, capacity 42570K, committed 43008K, reserved 1087488K
  class space    used 5323K, capacity 5505K, committed 5632K, reserved 1048576K
}
Event: 8.173 GC heap before
{Heap before GC invocations=10 (full 2):
 PSYoungGen      total 86528K, used 82213K [0x00000000d5f00000, 0x00000000de080000, 0x0000000100000000)
  eden space 70144K, 100% used [0x00000000d5f00000,0x00000000da380000,0x00000000da380000)
  from space 16384K, 73% used [0x00000000da380000,0x00000000daf49478,0x00000000db380000)
  to   space 16384K, 0% used [0x00000000dd080000,0x00000000dd080000,0x00000000de080000)
 ParOldGen       total 111616K, used 18582K [0x0000000081c00000, 0x0000000088900000, 0x00000000d5f00000)
  object space 111616K, 16% used [0x0000000081c00000,0x0000000082e25a38,0x0000000088900000)
 Metaspace       used 47251K, capacity 48012K, committed 48384K, reserved 1091584K
  class space    used 5875K, capacity 6100K, committed 6144K, reserved 1048576K
Event: 8.197 GC heap after
Heap after GC invocations=10 (full 2):
 PSYoungGen      total 112128K, used 16379K [0x00000000d5f00000, 0x00000000de600000, 0x0000000100000000)
  eden space 95744K, 0% used [0x00000000d5f00000,0x00000000d5f00000,0x00000000dbc80000)
  from space 16384K, 99% used [0x00000000dd080000,0x00000000de07ee70,0x00000000de080000)
  to   space 20480K, 0% used [0x00000000dbc80000,0x00000000dbc80000,0x00000000dd080000)
 ParOldGen       total 111616K, used 23507K [0x0000000081c00000, 0x0000000088900000, 0x00000000d5f00000)
  object space 111616K, 21% used [0x0000000081c00000,0x00000000832f4d20,0x0000000088900000)
 Metaspace       used 47251K, capacity 48012K, committed 48384K, reserved 1091584K
  class space    used 5875K, capacity 6100K, committed 6144K, reserved 1048576K
}
Event: 12.142 GC heap before
{Heap before GC invocations=11 (full 2):
 PSYoungGen      total 112128K, used 108517K [0x00000000d5f00000, 0x00000000de600000, 0x0000000100000000)
  eden space 95744K, 96% used [0x00000000d5f00000,0x00000000db8fa7b8,0x00000000dbc80000)
  from space 16384K, 99% used [0x00000000dd080000,0x00000000de07ee70,0x00000000de080000)
  to   space 20480K, 0% used [0x00000000dbc80000,0x00000000dbc80000,0x00000000dd080000)
 ParOldGen       total 111616K, used 23507K [0x0000000081c00000, 0x0000000088900000, 0x00000000d5f00000)
  object space 111616K, 21% used [0x0000000081c00000,0x00000000832f4d20,0x0000000088900000)
 Metaspace       used 58011K, capacity 59048K, committed 59160K, reserved 1101824K
  class space    used 6966K, capacity 7244K, committed 7296K, reserved 1048576K
Event: 12.184 GC heap after
Heap after GC invocations=11 (full 2):
 PSYoungGen      total 116224K, used 20460K [0x00000000d5f00000, 0x00000000e0800000, 0x0000000100000000)
  eden space 95744K, 0% used [0x00000000d5f00000,0x00000000d5f00000,0x00000000dbc80000)
  from space 20480K, 99% used [0x00000000dbc80000,0x00000000dd07b0c0,0x00000000dd080000)
  to   space 28160K, 0% used [0x00000000dec80000,0x00000000dec80000,0x00000000e0800000)
 ParOldGen       total 111616K, used 35581K [0x0000000081c00000, 0x0000000088900000, 0x00000000d5f00000)
  object space 111616K, 31% used [0x0000000081c00000,0x0000000083ebf410,0x0000000088900000)
 Metaspace       used 58011K, capacity 59048K, committed 59160K, reserved 1101824K
  class space    used 6966K, capacity 7244K, committed 7296K, reserved 1048576K
}
Event: 12.184 GC heap before
{Heap before GC invocations=12 (full 3):
 PSYoungGen      total 116224K, used 20460K [0x00000000d5f00000, 0x00000000e0800000, 0x0000000100000000)
  eden space 95744K, 0% used [0x00000000d5f00000,0x00000000d5f00000,0x00000000dbc80000)
  from space 20480K, 99% used [0x00000000dbc80000,0x00000000dd07b0c0,0x00000000dd080000)
  to   space 28160K, 0% used [0x00000000dec80000,0x00000000dec80000,0x00000000e0800000)
 ParOldGen       total 111616K, used 35581K [0x0000000081c00000, 0x0000000088900000, 0x00000000d5f00000)
  object space 111616K, 31% used [0x0000000081c00000,0x0000000083ebf410,0x0000000088900000)
 Metaspace       used 58011K, capacity 59048K, committed 59160K, reserved 1101824K
  class space    used 6966K, capacity 7244K, committed 7296K, reserved 1048576K
Event: 12.476 GC heap after
Heap after GC invocations=12 (full 3):
 PSYoungGen      total 116224K, used 0K [0x00000000d5f00000, 0x00000000e0800000, 0x0000000100000000)
  eden space 95744K, 0% used [0x00000000d5f00000,0x00000000d5f00000,0x00000000dbc80000)
  from space 20480K, 0% used [0x00000000dbc80000,0x00000000dbc80000,0x00000000dd080000)
  to   space 28160K, 0% used [0x00000000dec80000,0x00000000dec80000,0x00000000e0800000)
 ParOldGen       total 111616K, used 46214K [0x0000000081c00000, 0x0000000088900000, 0x00000000d5f00000)
  object space 111616K, 41% used [0x0000000081c00000,0x0000000084921900,0x0000000088900000)
 Metaspace       used 58011K, capacity 59048K, committed 59160K, reserved 1101824K
  class space    used 6966K, capacity 7244K, committed 7296K, reserved 1048576K
}

