# JRE version: OpenJDK Runtime Environment (8.0_242-b01) (build 1.8.0_242-release-1644-b01)
# Java VM: OpenJDK 64-Bit Server VM (25.242-b01 mixed mode windows-amd64 compressed oops)
Heap:
 PSYoungGen      total 113152K, used 65741K [0x00000000d5580000, 0x00000000dd000000, 0x0000000100000000)
  eden space 102912K, 55% used [0x00000000d5580000,0x00000000d8d04ca0,0x00000000dba00000)
  from space 10240K, 86% used [0x00000000dc500000,0x00000000dcdaea80,0x00000000dcf00000)
  to   space 11264K, 0% used [0x00000000dba00000,0x00000000dba00000,0x00000000dc500000)
 ParOldGen       total 62464K, used 15198K [0x0000000080000000, 0x0000000083d00000, 0x00000000d5580000)
  object space 62464K, 24% used [0x0000000080000000,0x0000000080ed7a90,0x0000000083d00000)
 Metaspace       used 42114K, capacity 44148K, committed 44248K, reserved 1087488K
  class space    used 5714K, capacity 6124K, committed 6144K, reserved 1048576K
GC Heap History (10 events):
Event: 5.474 GC heap before
{Heap before GC invocations=8 (full 1):
 PSYoungGen      total 76288K, used 66048K [0x00000000d5580000, 0x00000000dab80000, 0x0000000100000000)
  eden space 66048K, 100% used [0x00000000d5580000,0x00000000d9600000,0x00000000d9600000)
  from space 10240K, 0% used [0x00000000da080000,0x00000000da080000,0x00000000daa80000)
  to   space 10752K, 0% used [0x00000000d9600000,0x00000000d9600000,0x00000000da080000)
 ParOldGen       total 62464K, used 11176K [0x0000000080000000, 0x0000000083d00000, 0x00000000d5580000)
  object space 62464K, 17% used [0x0000000080000000,0x0000000080aea1c8,0x0000000083d00000)
 Metaspace       used 25092K, capacity 26100K, committed 26240K, reserved 1071104K
  class space    used 3590K, capacity 3891K, committed 3968K, reserved 1048576K
Event: 5.484 GC heap after
Heap after GC invocations=8 (full 1):
 PSYoungGen      total 76800K, used 6142K [0x00000000d5580000, 0x00000000dcf00000, 0x0000000100000000)
  eden space 66048K, 0% used [0x00000000d5580000,0x00000000d5580000,0x00000000d9600000)
  from space 10752K, 57% used [0x00000000d9600000,0x00000000d9bffb78,0x00000000da080000)
  to   space 10240K, 0% used [0x00000000dc500000,0x00000000dc500000,0x00000000dcf00000)
 ParOldGen       total 62464K, used 11184K [0x0000000080000000, 0x0000000083d00000, 0x00000000d5580000)
  object space 62464K, 17% used [0x0000000080000000,0x0000000080aec1c8,0x0000000083d00000)
 Metaspace       used 25092K, capacity 26100K, committed 26240K, reserved 1071104K
  class space    used 3590K, capacity 3891K, committed 3968K, reserved 1048576K
}
Event: 6.448 GC heap before
{Heap before GC invocations=9 (full 1):
 PSYoungGen      total 76800K, used 72190K [0x00000000d5580000, 0x00000000dcf00000, 0x0000000100000000)
  eden space 66048K, 100% used [0x00000000d5580000,0x00000000d9600000,0x00000000d9600000)
  from space 10752K, 57% used [0x00000000d9600000,0x00000000d9bffb78,0x00000000da080000)
  to   space 10240K, 0% used [0x00000000dc500000,0x00000000dc500000,0x00000000dcf00000)
 ParOldGen       total 62464K, used 11184K [0x0000000080000000, 0x0000000083d00000, 0x00000000d5580000)
  object space 62464K, 17% used [0x0000000080000000,0x0000000080aec1c8,0x0000000083d00000)
 Metaspace       used 32800K, capacity 33934K, committed 34304K, reserved 1079296K
  class space    used 4450K, capacity 4752K, committed 4864K, reserved 1048576K
Event: 6.462 GC heap after
Heap after GC invocations=9 (full 1):
 PSYoungGen      total 113152K, used 9714K [0x00000000d5580000, 0x00000000dd000000, 0x0000000100000000)
  eden space 102912K, 0% used [0x00000000d5580000,0x00000000d5580000,0x00000000dba00000)
  from space 10240K, 94% used [0x00000000dc500000,0x00000000dce7c910,0x00000000dcf00000)
  to   space 11264K, 0% used [0x00000000dba00000,0x00000000dba00000,0x00000000dc500000)
 ParOldGen       total 62464K, used 11192K [0x0000000080000000, 0x0000000083d00000, 0x00000000d5580000)
  object space 62464K, 17% used [0x0000000080000000,0x0000000080aee1c8,0x0000000083d00000)
 Metaspace       used 32800K, capacity 33934K, committed 34304K, reserved 1079296K
  class space    used 4450K, capacity 4752K, committed 4864K, reserved 1048576K
}
Event: 6.973 GC heap before
{Heap before GC invocations=10 (full 1):
 PSYoungGen      total 113152K, used 39270K [0x00000000d5580000, 0x00000000dd000000, 0x0000000100000000)
  eden space 102912K, 28% used [0x00000000d5580000,0x00000000d725d040,0x00000000dba00000)
  from space 10240K, 94% used [0x00000000dc500000,0x00000000dce7c910,0x00000000dcf00000)
  to   space 11264K, 0% used [0x00000000dba00000,0x00000000dba00000,0x00000000dc500000)
 ParOldGen       total 62464K, used 11192K [0x0000000080000000, 0x0000000083d00000, 0x00000000d5580000)
  object space 62464K, 17% used [0x0000000080000000,0x0000000080aee1c8,0x0000000083d00000)
 Metaspace       used 34052K, capacity 35320K, committed 35416K, reserved 1079296K
  class space    used 4601K, capacity 4949K, committed 4992K, reserved 1048576K
Event: 7.000 GC heap after
Heap after GC invocations=10 (full 1):
 PSYoungGen      total 114176K, used 8777K [0x00000000d5580000, 0x00000000dd000000, 0x0000000100000000)
  eden space 102912K, 0% used [0x00000000d5580000,0x00000000d5580000,0x00000000dba00000)
  from space 11264K, 77% used [0x00000000dba00000,0x00000000dc2926e0,0x00000000dc500000)
  to   space 10240K, 0% used [0x00000000dc500000,0x00000000dc500000,0x00000000dcf00000)
 ParOldGen       total 62464K, used 11200K [0x0000000080000000, 0x0000000083d00000, 0x00000000d5580000)
  object space 62464K, 17% used [0x0000000080000000,0x0000000080af01c8,0x0000000083d00000)
 Metaspace       used 34052K, capacity 35320K, committed 35416K, reserved 1079296K
  class space    used 4601K, capacity 4949K, committed 4992K, reserved 1048576K
}
Event: 7.000 GC heap before
{Heap before GC invocations=11 (full 2):
 PSYoungGen      total 114176K, used 8777K [0x00000000d5580000, 0x00000000dd000000, 0x0000000100000000)
  eden space 102912K, 0% used [0x00000000d5580000,0x00000000d5580000,0x00000000dba00000)
  from space 11264K, 77% used [0x00000000dba00000,0x00000000dc2926e0,0x00000000dc500000)
  to   space 10240K, 0% used [0x00000000dc500000,0x00000000dc500000,0x00000000dcf00000)
 ParOldGen       total 62464K, used 11200K [0x0000000080000000, 0x0000000083d00000, 0x00000000d5580000)
  object space 62464K, 17% used [0x0000000080000000,0x0000000080af01c8,0x0000000083d00000)
 Metaspace       used 34052K, capacity 35320K, committed 35416K, reserved 1079296K
  class space    used 4601K, capacity 4949K, committed 4992K, reserved 1048576K
Event: 7.196 GC heap after
Heap after GC invocations=11 (full 2):
 PSYoungGen      total 114176K, used 0K [0x00000000d5580000, 0x00000000dd000000, 0x0000000100000000)
  eden space 102912K, 0% used [0x00000000d5580000,0x00000000d5580000,0x00000000dba00000)
  from space 11264K, 0% used [0x00000000dba00000,0x00000000dba00000,0x00000000dc500000)
  to   space 10240K, 0% used [0x00000000dc500000,0x00000000dc500000,0x00000000dcf00000)
 ParOldGen       total 62464K, used 15190K [0x0000000080000000, 0x0000000083d00000, 0x00000000d5580000)
  object space 62464K, 24% used [0x0000000080000000,0x0000000080ed5a90,0x0000000083d00000)
 Metaspace       used 34052K, capacity 35320K, committed 35416K, reserved 1079296K
  class space    used 4601K, capacity 4949K, committed 4992K, reserved 1048576K
}
Event: 8.953 GC heap before
{Heap before GC invocations=12 (full 2):
 PSYoungGen      total 114176K, used 102912K [0x00000000d5580000, 0x00000000dd000000, 0x0000000100000000)
  eden space 102912K, 100% used [0x00000000d5580000,0x00000000dba00000,0x00000000dba00000)
  from space 11264K, 0% used [0x00000000dba00000,0x00000000dba00000,0x00000000dc500000)
  to   space 10240K, 0% used [0x00000000dc500000,0x00000000dc500000,0x00000000dcf00000)
 ParOldGen       total 62464K, used 15190K [0x0000000080000000, 0x0000000083d00000, 0x00000000d5580000)
  object space 62464K, 24% used [0x0000000080000000,0x0000000080ed5a90,0x0000000083d00000)
 Metaspace       used 38364K, capacity 40196K, committed 40536K, reserved 1083392K
  class space    used 5278K, capacity 5671K, committed 5760K, reserved 1048576K
Event: 8.971 GC heap after
Heap after GC invocations=12 (full 2):
 PSYoungGen      total 113152K, used 8890K [0x00000000d5580000, 0x00000000dd000000, 0x0000000100000000)
  eden space 102912K, 0% used [0x00000000d5580000,0x00000000d5580000,0x00000000dba00000)
  from space 10240K, 86% used [0x00000000dc500000,0x00000000dcdaea80,0x00000000dcf00000)
  to   space 11264K, 0% used [0x00000000dba00000,0x00000000dba00000,0x00000000dc500000)
 ParOldGen       total 62464K, used 15198K [0x0000000080000000, 0x0000000083d00000, 0x00000000d5580000)
  object space 62464K, 24% used [0x0000000080000000,0x0000000080ed7a90,0x0000000083d00000)
 Metaspace       used 38364K, capacity 40196K, committed 40536K, reserved 1083392K
  class space    used 5278K, capacity 5671K, committed 5760K, reserved 1048576K
}

