# JRE version: OpenJDK Runtime Environment (8.0_242-b01) (build 1.8.0_242-release-1644-b01)
# Java VM: OpenJDK 64-Bit Server VM (25.242-b01 mixed mode windows-amd64 compressed oops)
Heap:
 PSYoungGen      total 115200K, used 32350K [0x00000000d5580000, 0x00000000dd300000, 0x0000000100000000)
  eden space 104960K, 22% used [0x00000000d5580000,0x00000000d6c60fa0,0x00000000dbc00000)
  from space 10240K, 87% used [0x00000000dc700000,0x00000000dcfb6980,0x00000000dd100000)
  to   space 11264K, 0% used [0x00000000dbc00000,0x00000000dbc00000,0x00000000dc700000)
 ParOldGen       total 58368K, used 15287K [0x0000000080000000, 0x0000000083900000, 0x00000000d5580000)
  object space 58368K, 26% used [0x0000000080000000,0x0000000080eedcf8,0x0000000083900000)
 Metaspace       used 38685K, capacity 40570K, committed 40792K, reserved 1085440K
  class space    used 5325K, capacity 5712K, committed 5760K, reserved 1048576K
GC Heap History (10 events):
Event: 5.153 GC heap before
{Heap before GC invocations=8 (full 1):
 PSYoungGen      total 76288K, used 66048K [0x00000000d5580000, 0x00000000dab80000, 0x0000000100000000)
  eden space 66048K, 100% used [0x00000000d5580000,0x00000000d9600000,0x00000000d9600000)
  from space 10240K, 0% used [0x00000000da080000,0x00000000da080000,0x00000000daa80000)
  to   space 10752K, 0% used [0x00000000d9600000,0x00000000d9600000,0x00000000da080000)
 ParOldGen       total 58368K, used 8852K [0x0000000080000000, 0x0000000083900000, 0x00000000d5580000)
  object space 58368K, 15% used [0x0000000080000000,0x00000000808a5150,0x0000000083900000)
 Metaspace       used 24920K, capacity 25928K, committed 26240K, reserved 1071104K
  class space    used 3569K, capacity 3854K, committed 3968K, reserved 1048576K
Event: 5.161 GC heap after
Heap after GC invocations=8 (full 1):
 PSYoungGen      total 76800K, used 6032K [0x00000000d5580000, 0x00000000dd100000, 0x0000000100000000)
  eden space 66048K, 0% used [0x00000000d5580000,0x00000000d5580000,0x00000000d9600000)
  from space 10752K, 56% used [0x00000000d9600000,0x00000000d9be4348,0x00000000da080000)
  to   space 10240K, 0% used [0x00000000dc700000,0x00000000dc700000,0x00000000dd100000)
 ParOldGen       total 58368K, used 8860K [0x0000000080000000, 0x0000000083900000, 0x00000000d5580000)
  object space 58368K, 15% used [0x0000000080000000,0x00000000808a7150,0x0000000083900000)
 Metaspace       used 24920K, capacity 25928K, committed 26240K, reserved 1071104K
  class space    used 3569K, capacity 3854K, committed 3968K, reserved 1048576K
}
Event: 6.218 GC heap before
{Heap before GC invocations=9 (full 1):
 PSYoungGen      total 76800K, used 72080K [0x00000000d5580000, 0x00000000dd100000, 0x0000000100000000)
  eden space 66048K, 100% used [0x00000000d5580000,0x00000000d9600000,0x00000000d9600000)
  from space 10752K, 56% used [0x00000000d9600000,0x00000000d9be4348,0x00000000da080000)
  to   space 10240K, 0% used [0x00000000dc700000,0x00000000dc700000,0x00000000dd100000)
 ParOldGen       total 58368K, used 8860K [0x0000000080000000, 0x0000000083900000, 0x00000000d5580000)
  object space 58368K, 15% used [0x0000000080000000,0x00000000808a7150,0x0000000083900000)
 Metaspace       used 32753K, capacity 33954K, committed 34304K, reserved 1079296K
  class space    used 4446K, capacity 4782K, committed 4864K, reserved 1048576K
Event: 6.234 GC heap after
Heap after GC invocations=9 (full 1):
 PSYoungGen      total 115200K, used 9796K [0x00000000d5580000, 0x00000000dd300000, 0x0000000100000000)
  eden space 104960K, 0% used [0x00000000d5580000,0x00000000d5580000,0x00000000dbc00000)
  from space 10240K, 95% used [0x00000000dc700000,0x00000000dd0910d8,0x00000000dd100000)
  to   space 11264K, 0% used [0x00000000dbc00000,0x00000000dbc00000,0x00000000dc700000)
 ParOldGen       total 58368K, used 8868K [0x0000000080000000, 0x0000000083900000, 0x00000000d5580000)
  object space 58368K, 15% used [0x0000000080000000,0x00000000808a9150,0x0000000083900000)
 Metaspace       used 32753K, capacity 33954K, committed 34304K, reserved 1079296K
  class space    used 4446K, capacity 4782K, committed 4864K, reserved 1048576K
}
Event: 6.844 GC heap before
{Heap before GC invocations=10 (full 1):
 PSYoungGen      total 115200K, used 40427K [0x00000000d5580000, 0x00000000dd300000, 0x0000000100000000)
  eden space 104960K, 29% used [0x00000000d5580000,0x00000000d7369d50,0x00000000dbc00000)
  from space 10240K, 95% used [0x00000000dc700000,0x00000000dd0910d8,0x00000000dd100000)
  to   space 11264K, 0% used [0x00000000dbc00000,0x00000000dbc00000,0x00000000dc700000)
 ParOldGen       total 58368K, used 8868K [0x0000000080000000, 0x0000000083900000, 0x00000000d5580000)
  object space 58368K, 15% used [0x0000000080000000,0x00000000808a9150,0x0000000083900000)
 Metaspace       used 34035K, capacity 35318K, committed 35416K, reserved 1079296K
  class space    used 4604K, capacity 4947K, committed 4992K, reserved 1048576K
Event: 6.862 GC heap after
Heap after GC invocations=10 (full 1):
 PSYoungGen      total 116224K, used 8863K [0x00000000d5580000, 0x00000000dd300000, 0x0000000100000000)
  eden space 104960K, 0% used [0x00000000d5580000,0x00000000d5580000,0x00000000dbc00000)
  from space 11264K, 78% used [0x00000000dbc00000,0x00000000dc4a7ff8,0x00000000dc700000)
  to   space 10240K, 0% used [0x00000000dc700000,0x00000000dc700000,0x00000000dd100000)
 ParOldGen       total 58368K, used 8876K [0x0000000080000000, 0x0000000083900000, 0x00000000d5580000)
  object space 58368K, 15% used [0x0000000080000000,0x00000000808ab150,0x0000000083900000)
 Metaspace       used 34035K, capacity 35318K, committed 35416K, reserved 1079296K
  class space    used 4604K, capacity 4947K, committed 4992K, reserved 1048576K
}
Event: 6.862 GC heap before
{Heap before GC invocations=11 (full 2):
 PSYoungGen      total 116224K, used 8863K [0x00000000d5580000, 0x00000000dd300000, 0x0000000100000000)
  eden space 104960K, 0% used [0x00000000d5580000,0x00000000d5580000,0x00000000dbc00000)
  from space 11264K, 78% used [0x00000000dbc00000,0x00000000dc4a7ff8,0x00000000dc700000)
  to   space 10240K, 0% used [0x00000000dc700000,0x00000000dc700000,0x00000000dd100000)
 ParOldGen       total 58368K, used 8876K [0x0000000080000000, 0x0000000083900000, 0x00000000d5580000)
  object space 58368K, 15% used [0x0000000080000000,0x00000000808ab150,0x0000000083900000)
 Metaspace       used 34035K, capacity 35318K, committed 35416K, reserved 1079296K
  class space    used 4604K, capacity 4947K, committed 4992K, reserved 1048576K
Event: 6.944 GC heap after
Heap after GC invocations=11 (full 2):
 PSYoungGen      total 116224K, used 0K [0x00000000d5580000, 0x00000000dd300000, 0x0000000100000000)
  eden space 104960K, 0% used [0x00000000d5580000,0x00000000d5580000,0x00000000dbc00000)
  from space 11264K, 0% used [0x00000000dbc00000,0x00000000dbc00000,0x00000000dc700000)
  to   space 10240K, 0% used [0x00000000dc700000,0x00000000dc700000,0x00000000dd100000)
 ParOldGen       total 58368K, used 15279K [0x0000000080000000, 0x0000000083900000, 0x00000000d5580000)
  object space 58368K, 26% used [0x0000000080000000,0x0000000080eebcf8,0x0000000083900000)
 Metaspace       used 34035K, capacity 35318K, committed 35416K, reserved 1079296K
  class space    used 4604K, capacity 4947K, committed 4992K, reserved 1048576K
}
Event: 8.663 GC heap before
{Heap before GC invocations=12 (full 2):
 PSYoungGen      total 116224K, used 104960K [0x00000000d5580000, 0x00000000dd300000, 0x0000000100000000)
  eden space 104960K, 100% used [0x00000000d5580000,0x00000000dbc00000,0x00000000dbc00000)
  from space 11264K, 0% used [0x00000000dbc00000,0x00000000dbc00000,0x00000000dc700000)
  to   space 10240K, 0% used [0x00000000dc700000,0x00000000dc700000,0x00000000dd100000)
 ParOldGen       total 58368K, used 15279K [0x0000000080000000, 0x0000000083900000, 0x00000000d5580000)
  object space 58368K, 26% used [0x0000000080000000,0x0000000080eebcf8,0x0000000083900000)
 Metaspace       used 38364K, capacity 40186K, committed 40280K, reserved 1083392K
  class space    used 5286K, capacity 5670K, committed 5760K, reserved 1048576K
Event: 8.673 GC heap after
Heap after GC invocations=12 (full 2):
 PSYoungGen      total 115200K, used 8922K [0x00000000d5580000, 0x00000000dd300000, 0x0000000100000000)
  eden space 104960K, 0% used [0x00000000d5580000,0x00000000d5580000,0x00000000dbc00000)
  from space 10240K, 87% used [0x00000000dc700000,0x00000000dcfb6980,0x00000000dd100000)
  to   space 11264K, 0% used [0x00000000dbc00000,0x00000000dbc00000,0x00000000dc700000)
 ParOldGen       total 58368K, used 15287K [0x0000000080000000, 0x0000000083900000, 0x00000000d5580000)
  object space 58368K, 26% used [0x0000000080000000,0x0000000080eedcf8,0x0000000083900000)
 Metaspace       used 38364K, capacity 40186K, committed 40280K, reserved 1083392K
  class space    used 5286K, capacity 5670K, committed 5760K, reserved 1048576K
}

